<?xml version="1.0" encoding="UTF-8"?>
<testsuite name="prv.mark.project.stockticker.rest.StockTickerRestControllerTests" time="0" tests="1" errors="1" skipped="0" failures="0">
  <properties>
[...]
</properties>
  <testcase name="dummyTest" classname="prv.mark.project.stockticker.rest.StockTickerRestControllerTests" time="0">
    <error message="Failed to load ApplicationContext" type="java.lang.IllegalStateException">java.lang.IllegalStateException: Failed to load ApplicationContext
	at org.springframework.test.context.DefaultCacheAwareContextLoaderDelegate.loadContext(DefaultCacheAwareContextLoaderDelegate.java:94)
	at org.springframework.test.context.DefaultTestContext.getApplicationContext(DefaultTestContext.java:72)
	at org.springframework.test.context.support.DependencyInjectionTestExecutionListener.injectDependencies(DependencyInjectionTestExecutionListener.java:117)
	at org.springframework.test.context.support.DependencyInjectionTestExecutionListener.prepareTestInstance(DependencyInjectionTestExecutionListener.java:83)
	at org.springframework.test.context.TestContextManager.prepareTestInstance(TestContextManager.java:212)
	at org.springframework.test.context.junit4.SpringJUnit4ClassRunner.createTest(SpringJUnit4ClassRunner.java:200)
	at org.springframework.test.context.junit4.SpringJUnit4ClassRunner$1.runReflectiveCall(SpringJUnit4ClassRunner.java:252)
	at org.junit.internal.runners.model.ReflectiveCallable.run(ReflectiveCallable.java:12)
	at org.springframework.test.context.junit4.SpringJUnit4ClassRunner.methodBlock(SpringJUnit4ClassRunner.java:254)
	at org.springframework.test.context.junit4.SpringJUnit4ClassRunner.runChild(SpringJUnit4ClassRunner.java:217)
	at org.springframework.test.context.junit4.SpringJUnit4ClassRunner.runChild(SpringJUnit4ClassRunner.java:83)
	at org.junit.runners.ParentRunner$3.run(ParentRunner.java:238)
	at org.junit.runners.ParentRunner$1.schedule(ParentRunner.java:63)
	at org.junit.runners.ParentRunner.runChildren(ParentRunner.java:236)
	at org.junit.runners.ParentRunner.access$000(ParentRunner.java:53)
	at org.junit.runners.ParentRunner$2.evaluate(ParentRunner.java:229)
	at org.junit.internal.runners.statements.RunBefores.evaluate(RunBefores.java:26)
	at org.springframework.test.context.junit4.statements.RunBeforeTestClassCallbacks.evaluate(RunBeforeTestClassCallbacks.java:61)
	at org.junit.internal.runners.statements.RunAfters.evaluate(RunAfters.java:27)
	at org.springframework.test.context.junit4.statements.RunAfterTestClassCallbacks.evaluate(RunAfterTestClassCallbacks.java:68)
	at org.junit.runners.ParentRunner.run(ParentRunner.java:309)
	at org.springframework.test.context.junit4.SpringJUnit4ClassRunner.run(SpringJUnit4ClassRunner.java:163)
	at org.apache.maven.surefire.junit4.JUnit4Provider.execute(JUnit4Provider.java:264)
	at org.apache.maven.surefire.junit4.JUnit4Provider.executeTestSet(JUnit4Provider.java:153)
	at org.apache.maven.surefire.junit4.JUnit4Provider.invoke(JUnit4Provider.java:124)
	at org.apache.maven.surefire.booter.ForkedBooter.invokeProviderInSameClassLoader(ForkedBooter.java:200)
	at org.apache.maven.surefire.booter.ForkedBooter.runSuitesInProcess(ForkedBooter.java:153)
	at org.apache.maven.surefire.booter.ForkedBooter.main(ForkedBooter.java:103)
Caused by: org.springframework.beans.factory.BeanCreationException: Error creating bean with name 'transactionLogJmsProducer': Injection of autowired dependencies failed; nested exception is org.springframework.beans.factory.BeanCreationException: Could not autowire field: private org.springframework.messaging.MessageChannel prv.mark.project.stockticker.jms.TransactionLogJmsProducer.stocksChannel; nested exception is org.springframework.beans.factory.NoSuchBeanDefinitionException: No qualifying bean of type [org.springframework.messaging.MessageChannel] found for dependency: expected at least 1 bean which qualifies as autowire candidate for this dependency. Dependency annotations: {@org.springframework.beans.factory.annotation.Autowired(required=true), @org.springframework.beans.factory.annotation.Qualifier(value=stocksChannel)}
	at org.springframework.beans.factory.annotation.AutowiredAnnotationBeanPostProcessor.postProcessPropertyValues(AutowiredAnnotationBeanPostProcessor.java:334)
	at org.springframework.beans.factory.support.AbstractAutowireCapableBeanFactory.populateBean(AbstractAutowireCapableBeanFactory.java:1202)
	at org.springframework.beans.factory.support.AbstractAutowireCapableBeanFactory.doCreateBean(AbstractAutowireCapableBeanFactory.java:537)
	at org.springframework.beans.factory.support.AbstractAutowireCapableBeanFactory.createBean(AbstractAutowireCapableBeanFactory.java:476)
	at org.springframework.beans.factory.support.AbstractBeanFactory$1.getObject(AbstractBeanFactory.java:303)
	at org.springframework.beans.factory.support.DefaultSingletonBeanRegistry.getSingleton(DefaultSingletonBeanRegistry.java:230)
	at org.springframework.beans.factory.support.AbstractBeanFactory.doGetBean(AbstractBeanFactory.java:299)
	at org.springframework.beans.factory.support.AbstractBeanFactory.getBean(AbstractBeanFactory.java:194)
	at org.springframework.beans.factory.support.DefaultListableBeanFactory.preInstantiateSingletons(DefaultListableBeanFactory.java:762)
	at org.springframework.context.support.AbstractApplicationContext.finishBeanFactoryInitialization(AbstractApplicationContext.java:757)
	at org.springframework.context.support.AbstractApplicationContext.refresh(AbstractApplicationContext.java:480)
	at org.springframework.test.context.support.AbstractGenericContextLoader.loadContext(AbstractGenericContextLoader.java:125)
	at org.springframework.test.context.support.AbstractGenericContextLoader.loadContext(AbstractGenericContextLoader.java:60)
	at org.springframework.test.context.support.AbstractDelegatingSmartContextLoader.delegateLoading(AbstractDelegatingSmartContextLoader.java:109)
	at org.springframework.test.context.support.AbstractDelegatingSmartContextLoader.loadContext(AbstractDelegatingSmartContextLoader.java:261)
	at org.springframework.test.context.DefaultCacheAwareContextLoaderDelegate.loadContextInternal(DefaultCacheAwareContextLoaderDelegate.java:68)
	at org.springframework.test.context.DefaultCacheAwareContextLoaderDelegate.loadContext(DefaultCacheAwareContextLoaderDelegate.java:86)
	at org.springframework.test.context.DefaultTestContext.getApplicationContext(DefaultTestContext.java:72)
	at org.springframework.test.context.support.DependencyInjectionTestExecutionListener.injectDependencies(DependencyInjectionTestExecutionListener.java:117)
	at org.springframework.test.context.support.DependencyInjectionTestExecutionListener.prepareTestInstance(DependencyInjectionTestExecutionListener.java:83)
	at org.springframework.test.context.TestContextManager.prepareTestInstance(TestContextManager.java:212)
	at org.springframework.test.context.junit4.SpringJUnit4ClassRunner.createTest(SpringJUnit4ClassRunner.java:200)
	at org.springframework.test.context.junit4.SpringJUnit4ClassRunner$1.runReflectiveCall(SpringJUnit4ClassRunner.java:252)
	at org.junit.internal.runners.model.ReflectiveCallable.run(ReflectiveCallable.java:12)
	at org.springframework.test.context.junit4.SpringJUnit4ClassRunner.methodBlock(SpringJUnit4ClassRunner.java:254)
	at org.springframework.test.context.junit4.SpringJUnit4ClassRunner.runChild(SpringJUnit4ClassRunner.java:217)
	at org.springframework.test.context.junit4.SpringJUnit4ClassRunner.runChild(SpringJUnit4ClassRunner.java:83)
	at org.junit.runners.ParentRunner$3.run(ParentRunner.java:238)
	at org.junit.runners.ParentRunner$1.schedule(ParentRunner.java:63)
	at org.junit.runners.ParentRunner.runChildren(ParentRunner.java:236)
	at org.junit.runners.ParentRunner.access$000(ParentRunner.java:53)
	at org.junit.runners.ParentRunner$2.evaluate(ParentRunner.java:229)
	at org.junit.internal.runners.statements.RunBefores.evaluate(RunBefores.java:26)
	at org.springframework.test.context.junit4.statements.RunBeforeTestClassCallbacks.evaluate(RunBeforeTestClassCallbacks.java:61)
	at org.junit.internal.runners.statements.RunAfters.evaluate(RunAfters.java:27)
	at org.springframework.test.context.junit4.statements.RunAfterTestClassCallbacks.evaluate(RunAfterTestClassCallbacks.java:68)
	at org.junit.runners.ParentRunner.run(ParentRunner.java:309)
	at org.springframework.test.context.junit4.SpringJUnit4ClassRunner.run(SpringJUnit4ClassRunner.java:163)
	at org.apache.maven.surefire.junit4.JUnit4Provider.execute(JUnit4Provider.java:264)
	at org.apache.maven.surefire.junit4.JUnit4Provider.executeTestSet(JUnit4Provider.java:153)
	at org.apache.maven.surefire.junit4.JUnit4Provider.invoke(JUnit4Provider.java:124)
	at org.apache.maven.surefire.booter.ForkedBooter.invokeProviderInSameClassLoader(ForkedBooter.java:200)
	at org.apache.maven.surefire.booter.ForkedBooter.runSuitesInProcess(ForkedBooter.java:153)
	at org.apache.maven.surefire.booter.ForkedBooter.main(ForkedBooter.java:103)
Caused by: org.springframework.beans.factory.BeanCreationException: Could not autowire field: private org.springframework.messaging.MessageChannel prv.mark.project.stockticker.jms.TransactionLogJmsProducer.stocksChannel; nested exception is org.springframework.beans.factory.NoSuchBeanDefinitionException: No qualifying bean of type [org.springframework.messaging.MessageChannel] found for dependency: expected at least 1 bean which qualifies as autowire candidate for this dependency. Dependency annotations: {@org.springframework.beans.factory.annotation.Autowired(required=true), @org.springframework.beans.factory.annotation.Qualifier(value=stocksChannel)}
	at org.springframework.beans.factory.annotation.AutowiredAnnotationBeanPostProcessor$AutowiredFieldElement.inject(AutowiredAnnotationBeanPostProcessor.java:561)
	at org.springframework.beans.factory.annotation.InjectionMetadata.inject(InjectionMetadata.java:88)
	at org.springframework.beans.factory.annotation.AutowiredAnnotationBeanPostProcessor.postProcessPropertyValues(AutowiredAnnotationBeanPostProcessor.java:331)
	at org.springframework.beans.factory.support.AbstractAutowireCapableBeanFactory.populateBean(AbstractAutowireCapableBeanFactory.java:1202)
	at org.springframework.beans.factory.support.AbstractAutowireCapableBeanFactory.doCreateBean(AbstractAutowireCapableBeanFactory.java:537)
	at org.springframework.beans.factory.support.AbstractAutowireCapableBeanFactory.createBean(AbstractAutowireCapableBeanFactory.java:476)
	at org.springframework.beans.factory.support.AbstractBeanFactory$1.getObject(AbstractBeanFactory.java:303)
	at org.springframework.beans.factory.support.DefaultSingletonBeanRegistry.getSingleton(DefaultSingletonBeanRegistry.java:230)
	at org.springframework.beans.factory.support.AbstractBeanFactory.doGetBean(AbstractBeanFactory.java:299)
	at org.springframework.beans.factory.support.AbstractBeanFactory.getBean(AbstractBeanFactory.java:194)
	at org.springframework.beans.factory.support.DefaultListableBeanFactory.preInstantiateSingletons(DefaultListableBeanFactory.java:762)
	at org.springframework.context.support.AbstractApplicationContext.finishBeanFactoryInitialization(AbstractApplicationContext.java:757)
	at org.springframework.context.support.AbstractApplicationContext.refresh(AbstractApplicationContext.java:480)
	at org.springframework.test.context.support.AbstractGenericContextLoader.loadContext(AbstractGenericContextLoader.java:125)
	at org.springframework.test.context.support.AbstractGenericContextLoader.loadContext(AbstractGenericContextLoader.java:60)
	at org.springframework.test.context.support.AbstractDelegatingSmartContextLoader.delegateLoading(AbstractDelegatingSmartContextLoader.java:109)
	at org.springframework.test.context.support.AbstractDelegatingSmartContextLoader.loadContext(AbstractDelegatingSmartContextLoader.java:261)
	at org.springframework.test.context.DefaultCacheAwareContextLoaderDelegate.loadContextInternal(DefaultCacheAwareContextLoaderDelegate.java:68)
	at org.springframework.test.context.DefaultCacheAwareContextLoaderDelegate.loadContext(DefaultCacheAwareContextLoaderDelegate.java:86)
	at org.springframework.test.context.DefaultTestContext.getApplicationContext(DefaultTestContext.java:72)
	at org.springframework.test.context.support.DependencyInjectionTestExecutionListener.injectDependencies(DependencyInjectionTestExecutionListener.java:117)
	at org.springframework.test.context.support.DependencyInjectionTestExecutionListener.prepareTestInstance(DependencyInjectionTestExecutionListener.java:83)
	at org.springframework.test.context.TestContextManager.prepareTestInstance(TestContextManager.java:212)
	at org.springframework.test.context.junit4.SpringJUnit4ClassRunner.createTest(SpringJUnit4ClassRunner.java:200)
	at org.springframework.test.context.junit4.SpringJUnit4ClassRunner$1.runReflectiveCall(SpringJUnit4ClassRunner.java:252)
	at org.junit.internal.runners.model.ReflectiveCallable.run(ReflectiveCallable.java:12)
	at org.springframework.test.context.junit4.SpringJUnit4ClassRunner.methodBlock(SpringJUnit4ClassRunner.java:254)
	at org.springframework.test.context.junit4.SpringJUnit4ClassRunner.runChild(SpringJUnit4ClassRunner.java:217)
	at org.springframework.test.context.junit4.SpringJUnit4ClassRunner.runChild(SpringJUnit4ClassRunner.java:83)
	at org.junit.runners.ParentRunner$3.run(ParentRunner.java:238)
	at org.junit.runners.ParentRunner$1.schedule(ParentRunner.java:63)
	at org.junit.runners.ParentRunner.runChildren(ParentRunner.java:236)
	at org.junit.runners.ParentRunner.access$000(ParentRunner.java:53)
	at org.junit.runners.ParentRunner$2.evaluate(ParentRunner.java:229)
	at org.junit.internal.runners.statements.RunBefores.evaluate(RunBefores.java:26)
	at org.springframework.test.context.junit4.statements.RunBeforeTestClassCallbacks.evaluate(RunBeforeTestClassCallbacks.java:61)
	at org.junit.internal.runners.statements.RunAfters.evaluate(RunAfters.java:27)
	at org.springframework.test.context.junit4.statements.RunAfterTestClassCallbacks.evaluate(RunAfterTestClassCallbacks.java:68)
	at org.junit.runners.ParentRunner.run(ParentRunner.java:309)
	at org.springframework.test.context.junit4.SpringJUnit4ClassRunner.run(SpringJUnit4ClassRunner.java:163)
	at org.apache.maven.surefire.junit4.JUnit4Provider.execute(JUnit4Provider.java:264)
	at org.apache.maven.surefire.junit4.JUnit4Provider.executeTestSet(JUnit4Provider.java:153)
	at org.apache.maven.surefire.junit4.JUnit4Provider.invoke(JUnit4Provider.java:124)
	at org.apache.maven.surefire.booter.ForkedBooter.invokeProviderInSameClassLoader(ForkedBooter.java:200)
	at org.apache.maven.surefire.booter.ForkedBooter.runSuitesInProcess(ForkedBooter.java:153)
	at org.apache.maven.surefire.booter.ForkedBooter.main(ForkedBooter.java:103)
Caused by: org.springframework.beans.factory.NoSuchBeanDefinitionException: No qualifying bean of type [org.springframework.messaging.MessageChannel] found for dependency: expected at least 1 bean which qualifies as autowire candidate for this dependency. Dependency annotations: {@org.springframework.beans.factory.annotation.Autowired(required=true), @org.springframework.beans.factory.annotation.Qualifier(value=stocksChannel)}
	at org.springframework.beans.factory.support.DefaultListableBeanFactory.raiseNoSuchBeanDefinitionException(DefaultListableBeanFactory.java:1308)
	at org.springframework.beans.factory.support.DefaultListableBeanFactory.doResolveDependency(DefaultListableBeanFactory.java:1054)
	at org.springframework.beans.factory.support.DefaultListableBeanFactory.resolveDependency(DefaultListableBeanFactory.java:949)
	at org.springframework.beans.factory.annotation.AutowiredAnnotationBeanPostProcessor$AutowiredFieldElement.inject(AutowiredAnnotationBeanPostProcessor.java:533)
	at org.springframework.beans.factory.annotation.InjectionMetadata.inject(InjectionMetadata.java:88)
	at org.springframework.beans.factory.annotation.AutowiredAnnotationBeanPostProcessor.postProcessPropertyValues(AutowiredAnnotationBeanPostProcessor.java:331)
	at org.springframework.beans.factory.support.AbstractAutowireCapableBeanFactory.populateBean(AbstractAutowireCapableBeanFactory.java:1202)
	at org.springframework.beans.factory.support.AbstractAutowireCapableBeanFactory.doCreateBean(AbstractAutowireCapableBeanFactory.java:537)
	at org.springframework.beans.factory.support.AbstractAutowireCapableBeanFactory.createBean(AbstractAutowireCapableBeanFactory.java:476)
	at org.springframework.beans.factory.support.AbstractBeanFactory$1.getObject(AbstractBeanFactory.java:303)
	at org.springframework.beans.factory.support.DefaultSingletonBeanRegistry.getSingleton(DefaultSingletonBeanRegistry.java:230)
	at org.springframework.beans.factory.support.AbstractBeanFactory.doGetBean(AbstractBeanFactory.java:299)
	at org.springframework.beans.factory.support.AbstractBeanFactory.getBean(AbstractBeanFactory.java:194)
	at org.springframework.beans.factory.support.DefaultListableBeanFactory.preInstantiateSingletons(DefaultListableBeanFactory.java:762)
	at org.springframework.context.support.AbstractApplicationContext.finishBeanFactoryInitialization(AbstractApplicationContext.java:757)
	at org.springframework.context.support.AbstractApplicationContext.refresh(AbstractApplicationContext.java:480)
	at org.springframework.test.context.support.AbstractGenericContextLoader.loadContext(AbstractGenericContextLoader.java:125)
	at org.springframework.test.context.support.AbstractGenericContextLoader.loadContext(AbstractGenericContextLoader.java:60)
	at org.springframework.test.context.support.AbstractDelegatingSmartContextLoader.delegateLoading(AbstractDelegatingSmartContextLoader.java:109)
	at org.springframework.test.context.support.AbstractDelegatingSmartContextLoader.loadContext(AbstractDelegatingSmartContextLoader.java:261)
	at org.springframework.test.context.DefaultCacheAwareContextLoaderDelegate.loadContextInternal(DefaultCacheAwareContextLoaderDelegate.java:68)
	at org.springframework.test.context.DefaultCacheAwareContextLoaderDelegate.loadContext(DefaultCacheAwareContextLoaderDelegate.java:86)
	at org.springframework.test.context.DefaultTestContext.getApplicationContext(DefaultTestContext.java:72)
	at org.springframework.test.context.support.DependencyInjectionTestExecutionListener.injectDependencies(DependencyInjectionTestExecutionListener.java:117)
	at org.springframework.test.context.support.DependencyInjectionTestExecutionListener.prepareTestInstance(DependencyInjectionTestExecutionListener.java:83)
	at org.springframework.test.context.TestContextManager.prepareTestInstance(TestContextManager.java:212)
	at org.springframework.test.context.junit4.SpringJUnit4ClassRunner.createTest(SpringJUnit4ClassRunner.java:200)
	at org.springframework.test.context.junit4.SpringJUnit4ClassRunner$1.runReflectiveCall(SpringJUnit4ClassRunner.java:252)
	at org.junit.internal.runners.model.ReflectiveCallable.run(ReflectiveCallable.java:12)
	at org.springframework.test.context.junit4.SpringJUnit4ClassRunner.methodBlock(SpringJUnit4ClassRunner.java:254)
	at org.springframework.test.context.junit4.SpringJUnit4ClassRunner.runChild(SpringJUnit4ClassRunner.java:217)
	at org.springframework.test.context.junit4.SpringJUnit4ClassRunner.runChild(SpringJUnit4ClassRunner.java:83)
	at org.junit.runners.ParentRunner$3.run(ParentRunner.java:238)
	at org.junit.runners.ParentRunner$1.schedule(ParentRunner.java:63)
	at org.junit.runners.ParentRunner.runChildren(ParentRunner.java:236)
	at org.junit.runners.ParentRunner.access$000(ParentRunner.java:53)
	at org.junit.runners.ParentRunner$2.evaluate(ParentRunner.java:229)
	at org.junit.internal.runners.statements.RunBefores.evaluate(RunBefores.java:26)
	at org.springframework.test.context.junit4.statements.RunBeforeTestClassCallbacks.evaluate(RunBeforeTestClassCallbacks.java:61)
	at org.junit.internal.runners.statements.RunAfters.evaluate(RunAfters.java:27)
	at org.springframework.test.context.junit4.statements.RunAfterTestClassCallbacks.evaluate(RunAfterTestClassCallbacks.java:68)
	at org.junit.runners.ParentRunner.run(ParentRunner.java:309)
	at org.springframework.test.context.junit4.SpringJUnit4ClassRunner.run(SpringJUnit4ClassRunner.java:163)
	at org.apache.maven.surefire.junit4.JUnit4Provider.execute(JUnit4Provider.java:264)
	at org.apache.maven.surefire.junit4.JUnit4Provider.executeTestSet(JUnit4Provider.java:153)
	at org.apache.maven.surefire.junit4.JUnit4Provider.invoke(JUnit4Provider.java:124)
	at org.apache.maven.surefire.booter.ForkedBooter.invokeProviderInSameClassLoader(ForkedBooter.java:200)
	at org.apache.maven.surefire.booter.ForkedBooter.runSuitesInProcess(ForkedBooter.java:153)
	at org.apache.maven.surefire.booter.ForkedBooter.main(ForkedBooter.java:103)
</error>
    <system-out><![CDATA[12-06-2016 18:39:03.132 [main] DEBUG AbstractAppTransactionalTest - @AfterClass:AbstractAppTransactionalTest.destroy()
12-06-2016 18:39:03.146 [main] DEBUG AbstractAppTransactionalTest - @BeforeClass:AbstractAppTransactionalTest.bootstrap()
[EL Finest]: properties: 2016-12-06 18:39:03.88--ServerSession(1336437944)--Thread(Thread[main,5,main])--property=eclipselink.logging.level.sql; value=FINE
[EL Finest]: jpa: 2016-12-06 18:39:03.88--ServerSession(1336437944)--Thread(Thread[main,5,main])--Begin predeploying Persistence Unit default; session file:/C:/GitHub_Projects/Sample-Project-2016/SampleProject2016/common/target/common.jar_default; state Initial; factoryCount 0
[EL Finest]: properties: 2016-12-06 18:39:03.88--ServerSession(1336437944)--Thread(Thread[main,5,main])--property=eclipselink.orm.throw.exceptions; default value=true
[EL Finest]: properties: 2016-12-06 18:39:03.88--ServerSession(1336437944)--Thread(Thread[main,5,main])--property=eclipselink.multitenant.tenants-share-emf; default value=true
[EL Finest]: properties: 2016-12-06 18:39:03.881--ServerSession(1336437944)--Thread(Thread[main,5,main])--property=eclipselink.multitenant.tenants-share-cache; default value=false
[EL Finer]: metadata: 2016-12-06 18:39:03.882--ServerSession(1336437944)--Thread(Thread[main,5,main])--Searching for default mapping file in file:/C:/GitHub_Projects/Sample-Project-2016/SampleProject2016/common/target/common.jar (There is no English translation for this message.)
[EL Finer]: metadata: 2016-12-06 18:39:03.885--ServerSession(1336437944)--Thread(Thread[main,5,main])--Searching for default mapping file in file:/C:/GitHub_Projects/Sample-Project-2016/SampleProject2016/common/target/common.jar (There is no English translation for this message.)
[EL Config]: metadata: 2016-12-06 18:39:03.901--ServerSession(1336437944)--Thread(Thread[main,5,main])--The access type for the persistent class [class prv.mark.project.common.entity.StockPrice] is set to [FIELD].
[EL Config]: metadata: 2016-12-06 18:39:03.902--ServerSession(1336437944)--Thread(Thread[main,5,main])--The access type for the persistent class [class prv.mark.project.common.entity.OrderStatus] is set to [FIELD].
[EL Config]: metadata: 2016-12-06 18:39:03.903--ServerSession(1336437944)--Thread(Thread[main,5,main])--The access type for the persistent class [class prv.mark.project.common.entity.ApplicationParameters] is set to [PROPERTY].
[EL Config]: metadata: 2016-12-06 18:39:03.904--ServerSession(1336437944)--Thread(Thread[main,5,main])--The access type for the persistent class [class prv.mark.project.common.entity.StockOrder] is set to [FIELD].
[EL Config]: metadata: 2016-12-06 18:39:03.905--ServerSession(1336437944)--Thread(Thread[main,5,main])--The access type for the persistent class [class prv.mark.project.common.entity.TransactionLog] is set to [FIELD].
[EL Config]: metadata: 2016-12-06 18:39:03.906--ServerSession(1336437944)--Thread(Thread[main,5,main])--The access type for the persistent class [class prv.mark.project.common.entity.TransactionTypes] is set to [FIELD].
[EL Config]: metadata: 2016-12-06 18:39:03.906--ServerSession(1336437944)--Thread(Thread[main,5,main])--The access type for the persistent class [class prv.mark.project.common.entity.ApplicationMessages] is set to [FIELD].
[EL Config]: metadata: 2016-12-06 18:39:03.907--ServerSession(1336437944)--Thread(Thread[main,5,main])--The access type for the persistent class [class prv.mark.project.common.entity.OrderTypes] is set to [FIELD].
[EL Config]: metadata: 2016-12-06 18:39:03.908--ServerSession(1336437944)--Thread(Thread[main,5,main])--The alias name for the entity class [class prv.mark.project.common.entity.StockPrice] is being defaulted to: StockPrice.
[EL Config]: metadata: 2016-12-06 18:39:03.909--ServerSession(1336437944)--Thread(Thread[main,5,main])--The alias name for the entity class [class prv.mark.project.common.entity.OrderStatus] is being defaulted to: OrderStatus.
[EL Config]: metadata: 2016-12-06 18:39:03.909--ServerSession(1336437944)--Thread(Thread[main,5,main])--The alias name for the entity class [class prv.mark.project.common.entity.ApplicationParameters] is being defaulted to: ApplicationParameters.
[EL Config]: metadata: 2016-12-06 18:39:03.91--ServerSession(1336437944)--Thread(Thread[main,5,main])--The column name for element [getId] is being defaulted to: ID.
[EL Config]: metadata: 2016-12-06 18:39:03.912--ServerSession(1336437944)--Thread(Thread[main,5,main])--The alias name for the entity class [class prv.mark.project.common.entity.StockOrder] is being defaulted to: StockOrder.
[EL Config]: metadata: 2016-12-06 18:39:03.914--ServerSession(1336437944)--Thread(Thread[main,5,main])--The alias name for the entity class [class prv.mark.project.common.entity.TransactionLog] is being defaulted to: TransactionLog.
[EL Config]: metadata: 2016-12-06 18:39:03.915--ServerSession(1336437944)--Thread(Thread[main,5,main])--The alias name for the entity class [class prv.mark.project.common.entity.TransactionTypes] is being defaulted to: TransactionTypes.
[EL Config]: metadata: 2016-12-06 18:39:03.916--ServerSession(1336437944)--Thread(Thread[main,5,main])--The alias name for the entity class [class prv.mark.project.common.entity.ApplicationMessages] is being defaulted to: ApplicationMessages.
[EL Config]: metadata: 2016-12-06 18:39:03.917--ServerSession(1336437944)--Thread(Thread[main,5,main])--The column name for element [id] is being defaulted to: ID.
[EL Config]: metadata: 2016-12-06 18:39:03.918--ServerSession(1336437944)--Thread(Thread[main,5,main])--The alias name for the entity class [class prv.mark.project.common.entity.OrderTypes] is being defaulted to: OrderTypes.
[EL Finest]: jpa: 2016-12-06 18:39:03.92--ServerSession(1336437944)--Thread(Thread[main,5,main])--End predeploying Persistence Unit default; session file:/C:/GitHub_Projects/Sample-Project-2016/SampleProject2016/common/target/common.jar_default; state Predeployed; factoryCount 1
[EL Finest]: jpa: 2016-12-06 18:39:03.959--ServerSession(1336437944)--Thread(Thread[main,5,main])--Begin predeploying Persistence Unit default; session file:/C:/GitHub_Projects/Sample-Project-2016/SampleProject2016/common/target/common.jar_default; state Predeployed; factoryCount 1
[EL Finest]: jpa: 2016-12-06 18:39:03.959--ServerSession(1336437944)--Thread(Thread[main,5,main])--End predeploying Persistence Unit default; session file:/C:/GitHub_Projects/Sample-Project-2016/SampleProject2016/common/target/common.jar_default; state Predeployed; factoryCount 2
[EL Finest]: jpa: 2016-12-06 18:39:03.985--ServerSession(1336437944)--Thread(Thread[main,5,main])--Begin deploying Persistence Unit default; session file:/C:/GitHub_Projects/Sample-Project-2016/SampleProject2016/common/target/common.jar_default; state Predeployed; factoryCount 2
[EL Finest]: properties: 2016-12-06 18:39:03.991--ServerSession(1336437944)--Thread(Thread[main,5,main])--property=eclipselink.logging.level; value=ALL
[EL Finest]: properties: 2016-12-06 18:39:03.991--ServerSession(1336437944)--Thread(Thread[main,5,main])--property=eclipselink.logging.level.sql; value=FINE
[EL Finest]: properties: 2016-12-06 18:39:03.991--ServerSession(1336437944)--Thread(Thread[main,5,main])--property=eclipselink.logging.level; value=ALL
[EL Finest]: properties: 2016-12-06 18:39:03.991--ServerSession(1336437944)--Thread(Thread[main,5,main])--property=eclipselink.logging.level.sql; value=FINE
[EL Finest]: properties: 2016-12-06 18:39:03.991--ServerSession(1336437944)--Thread(Thread[main,5,main])--property=eclipselink.target-database; value=HSQL; translated value=org.eclipse.persistence.platform.database.HSQLPlatform
[EL Info]: 2016-12-06 18:39:03.992--ServerSession(1336437944)--Thread(Thread[main,5,main])--EclipseLink, version: Eclipse Persistence Services - 2.5.2.v20140319-9ad6abd
[EL Config]: connection: 2016-12-06 18:39:03.992--ServerSession(1336437944)--Connection(321192242)--Thread(Thread[main,5,main])--connecting(DatabaseLogin(
	platform=>HSQLPlatform
	user name=> ""
	connector=>JNDIConnector datasource name=>null
))
[EL Config]: connection: 2016-12-06 18:39:03.993--ServerSession(1336437944)--Connection(1087916281)--Thread(Thread[main,5,main])--Connected: jdbc:hsqldb:mem:MARKTEST
	User: SA
	Database: HSQL Database Engine  Version: 2.3.2
	Driver: HSQL Database Engine Driver  Version: 2.3.2
[EL Finest]: connection: 2016-12-06 18:39:03.994--ServerSession(1336437944)--Connection(1250315597)--Thread(Thread[main,5,main])--Connection acquired from connection pool [read].
[EL Finest]: connection: 2016-12-06 18:39:03.994--ServerSession(1336437944)--Connection(1250315597)--Thread(Thread[main,5,main])--Connection released to connection pool [read].
[EL Config]: connection: 2016-12-06 18:39:03.995--ServerSession(1336437944)--Connection(2100728289)--Thread(Thread[main,5,main])--connecting(DatabaseLogin(
	platform=>HSQLPlatform
	user name=> ""
	connector=>JNDIConnector datasource name=>null
))
[EL Config]: connection: 2016-12-06 18:39:04.177--ServerSession(1336437944)--Connection(1184965604)--Thread(Thread[main,5,main])--Connected: jdbc:hsqldb:mem:MARKTEST
	User: SA
	Database: HSQL Database Engine  Version: 2.3.2
	Driver: HSQL Database Engine Driver  Version: 2.3.2
[EL Finest]: sequencing: 2016-12-06 18:39:04.177--ServerSession(1336437944)--Thread(Thread[main,5,main])--sequencing connected, state is Preallocation_NoTransaction_State
[EL Finest]: sequencing: 2016-12-06 18:39:04.177--ServerSession(1336437944)--Thread(Thread[main,5,main])--sequence SEQ_STOCK_PRICE: preallocation size 1
[EL Finest]: sequencing: 2016-12-06 18:39:04.178--ServerSession(1336437944)--Thread(Thread[main,5,main])--sequence SEQ_STOCK_ORDER: preallocation size 1
[EL Finest]: sequencing: 2016-12-06 18:39:04.178--ServerSession(1336437944)--Thread(Thread[main,5,main])--sequence SEQ_ORDER_STATUS: preallocation size 1
[EL Finest]: sequencing: 2016-12-06 18:39:04.178--ServerSession(1336437944)--Thread(Thread[main,5,main])--sequence SEQ_ORDER_TYPES: preallocation size 1
[EL Finest]: sequencing: 2016-12-06 18:39:04.178--ServerSession(1336437944)--Thread(Thread[main,5,main])--sequence SEQ_APPLICATION_MESSAGES: preallocation size 1
[EL Finest]: sequencing: 2016-12-06 18:39:04.178--ServerSession(1336437944)--Thread(Thread[main,5,main])--sequence SEQ_TRANSACTION_LOG: preallocation size 1
[EL Finest]: sequencing: 2016-12-06 18:39:04.178--ServerSession(1336437944)--Thread(Thread[main,5,main])--sequence SEQ_TRANSACTION_TYPES: preallocation size 1
[EL Finest]: sequencing: 2016-12-06 18:39:04.178--ServerSession(1336437944)--Thread(Thread[main,5,main])--sequence SEQ_APPLICATION_PARAMETERS: preallocation size 1
[EL Info]: connection: 2016-12-06 18:39:04.181--ServerSession(1336437944)--Thread(Thread[main,5,main])--file:/C:/GitHub_Projects/Sample-Project-2016/SampleProject2016/common/target/common.jar_default login successful
[EL Finer]: metamodel: 2016-12-06 18:39:04.182--ServerSession(1336437944)--Thread(Thread[main,5,main])--Canonical Metamodel class [prv.mark.project.common.entity.StockPrice_] not found during initialization.
[EL Finer]: metamodel: 2016-12-06 18:39:04.183--ServerSession(1336437944)--Thread(Thread[main,5,main])--Canonical Metamodel class [prv.mark.project.common.entity.StockOrder_] not found during initialization.
[EL Finer]: metamodel: 2016-12-06 18:39:04.183--ServerSession(1336437944)--Thread(Thread[main,5,main])--Canonical Metamodel class [prv.mark.project.common.entity.OrderStatus_] not found during initialization.
[EL Finer]: metamodel: 2016-12-06 18:39:04.184--ServerSession(1336437944)--Thread(Thread[main,5,main])--Canonical Metamodel class [prv.mark.project.common.entity.OrderTypes_] not found during initialization.
[EL Finer]: metamodel: 2016-12-06 18:39:04.184--ServerSession(1336437944)--Thread(Thread[main,5,main])--Canonical Metamodel class [prv.mark.project.common.entity.ApplicationMessages_] not found during initialization.
[EL Finer]: metamodel: 2016-12-06 18:39:04.185--ServerSession(1336437944)--Thread(Thread[main,5,main])--Canonical Metamodel class [prv.mark.project.common.entity.TransactionLog_] not found during initialization.
[EL Finer]: metamodel: 2016-12-06 18:39:04.185--ServerSession(1336437944)--Thread(Thread[main,5,main])--Canonical Metamodel class [prv.mark.project.common.entity.TransactionTypes_] not found during initialization.
[EL Finer]: metamodel: 2016-12-06 18:39:04.186--ServerSession(1336437944)--Thread(Thread[main,5,main])--Canonical Metamodel class [prv.mark.project.common.entity.ApplicationParameters_] not found during initialization.
[EL Finest]: jpa: 2016-12-06 18:39:04.186--ServerSession(1336437944)--Thread(Thread[main,5,main])--End deploying Persistence Unit default; session file:/C:/GitHub_Projects/Sample-Project-2016/SampleProject2016/common/target/common.jar_default; state Deployed; factoryCount 2
[EL Finest]: jpa: 2016-12-06 18:39:04.28--ServerSession(1336437944)--Thread(Thread[Finalizer,8,system])--Begin undeploying Persistence Unit default; session file:/C:/GitHub_Projects/Sample-Project-2016/SampleProject2016/common/target/common.jar_default; state Deployed; factoryCount 2
[EL Finest]: jpa: 2016-12-06 18:39:04.281--ServerSession(1336437944)--Thread(Thread[Finalizer,8,system])--End undeploying Persistence Unit default; session file:/C:/GitHub_Projects/Sample-Project-2016/SampleProject2016/common/target/common.jar_default; state Deployed; factoryCount 1
[EL Finest]: jpa: 2016-12-06 18:39:04.439--ServerSession(1336437944)--Thread(Thread[main,5,main])--Begin undeploying Persistence Unit default; session file:/C:/GitHub_Projects/Sample-Project-2016/SampleProject2016/common/target/common.jar_default; state Deployed; factoryCount 1
[EL Finest]: sequencing: 2016-12-06 18:39:04.44--ServerSession(1336437944)--Thread(Thread[main,5,main])--sequencing disconnected
[EL Config]: connection: 2016-12-06 18:39:04.441--ServerSession(1336437944)--Connection(1250315597)--Thread(Thread[main,5,main])--disconnect
[EL Finer]: cache: 2016-12-06 18:39:04.441--ServerSession(1336437944)--Thread(Thread[main,5,main])--initialize identitymaps
[EL Info]: connection: 2016-12-06 18:39:04.441--ServerSession(1336437944)--Thread(Thread[main,5,main])--file:/C:/GitHub_Projects/Sample-Project-2016/SampleProject2016/common/target/common.jar_default logout successful
[EL Finest]: jpa: 2016-12-06 18:39:04.441--ServerSession(1336437944)--Thread(Thread[main,5,main])--End undeploying Persistence Unit default; session file:/C:/GitHub_Projects/Sample-Project-2016/SampleProject2016/common/target/common.jar_default; state Undeployed; factoryCount 0
12-06-2016 18:39:04.445 [main] ERROR TestContextManager - Caught exception while allowing TestExecutionListener [org.springframework.test.context.support.DependencyInjectionTestExecutionListener@3c7b137a] to prepare test instance [prv.mark.project.stockticker.rest.StockTickerRestControllerTests@68631b1d]
java.lang.IllegalStateException: Failed to load ApplicationContext
	at org.springframework.test.context.DefaultCacheAwareContextLoaderDelegate.loadContext(DefaultCacheAwareContextLoaderDelegate.java:94) ~[spring-test-4.1.4.RELEASE.jar:4.1.4.RELEASE]
	at org.springframework.test.context.DefaultTestContext.getApplicationContext(DefaultTestContext.java:72) ~[spring-test-4.1.4.RELEASE.jar:4.1.4.RELEASE]
	at org.springframework.test.context.support.DependencyInjectionTestExecutionListener.injectDependencies(DependencyInjectionTestExecutionListener.java:117) ~[spring-test-4.1.4.RELEASE.jar:4.1.4.RELEASE]
	at org.springframework.test.context.support.DependencyInjectionTestExecutionListener.prepareTestInstance(DependencyInjectionTestExecutionListener.java:83) ~[spring-test-4.1.4.RELEASE.jar:4.1.4.RELEASE]
	at org.springframework.test.context.TestContextManager.prepareTestInstance(TestContextManager.java:212) ~[spring-test-4.1.4.RELEASE.jar:4.1.4.RELEASE]
	at org.springframework.test.context.junit4.SpringJUnit4ClassRunner.createTest(SpringJUnit4ClassRunner.java:200) [spring-test-4.1.4.RELEASE.jar:4.1.4.RELEASE]
	at org.springframework.test.context.junit4.SpringJUnit4ClassRunner$1.runReflectiveCall(SpringJUnit4ClassRunner.java:252) [spring-test-4.1.4.RELEASE.jar:4.1.4.RELEASE]
	at org.junit.internal.runners.model.ReflectiveCallable.run(ReflectiveCallable.java:12) [junit-4.11.jar:na]
	at org.springframework.test.context.junit4.SpringJUnit4ClassRunner.methodBlock(SpringJUnit4ClassRunner.java:254) [spring-test-4.1.4.RELEASE.jar:4.1.4.RELEASE]
	at org.springframework.test.context.junit4.SpringJUnit4ClassRunner.runChild(SpringJUnit4ClassRunner.java:217) [spring-test-4.1.4.RELEASE.jar:4.1.4.RELEASE]
	at org.springframework.test.context.junit4.SpringJUnit4ClassRunner.runChild(SpringJUnit4ClassRunner.java:83) [spring-test-4.1.4.RELEASE.jar:4.1.4.RELEASE]
	at org.junit.runners.ParentRunner$3.run(ParentRunner.java:238) [junit-4.11.jar:na]
	at org.junit.runners.ParentRunner$1.schedule(ParentRunner.java:63) [junit-4.11.jar:na]
	at org.junit.runners.ParentRunner.runChildren(ParentRunner.java:236) [junit-4.11.jar:na]
	at org.junit.runners.ParentRunner.access$000(ParentRunner.java:53) [junit-4.11.jar:na]
	at org.junit.runners.ParentRunner$2.evaluate(ParentRunner.java:229) [junit-4.11.jar:na]
	at org.junit.internal.runners.statements.RunBefores.evaluate(RunBefores.java:26) [junit-4.11.jar:na]
	at org.springframework.test.context.junit4.statements.RunBeforeTestClassCallbacks.evaluate(RunBeforeTestClassCallbacks.java:61) [spring-test-4.1.4.RELEASE.jar:4.1.4.RELEASE]
	at org.junit.internal.runners.statements.RunAfters.evaluate(RunAfters.java:27) [junit-4.11.jar:na]
	at org.springframework.test.context.junit4.statements.RunAfterTestClassCallbacks.evaluate(RunAfterTestClassCallbacks.java:68) [spring-test-4.1.4.RELEASE.jar:4.1.4.RELEASE]
	at org.junit.runners.ParentRunner.run(ParentRunner.java:309) [junit-4.11.jar:na]
	at org.springframework.test.context.junit4.SpringJUnit4ClassRunner.run(SpringJUnit4ClassRunner.java:163) [spring-test-4.1.4.RELEASE.jar:4.1.4.RELEASE]
	at org.apache.maven.surefire.junit4.JUnit4Provider.execute(JUnit4Provider.java:264) [surefire-junit4-2.17.jar:2.17]
	at org.apache.maven.surefire.junit4.JUnit4Provider.executeTestSet(JUnit4Provider.java:153) [surefire-junit4-2.17.jar:2.17]
	at org.apache.maven.surefire.junit4.JUnit4Provider.invoke(JUnit4Provider.java:124) [surefire-junit4-2.17.jar:2.17]
	at org.apache.maven.surefire.booter.ForkedBooter.invokeProviderInSameClassLoader(ForkedBooter.java:200) [surefire-booter-2.17.jar:2.17]
	at org.apache.maven.surefire.booter.ForkedBooter.runSuitesInProcess(ForkedBooter.java:153) [surefire-booter-2.17.jar:2.17]
	at org.apache.maven.surefire.booter.ForkedBooter.main(ForkedBooter.java:103) [surefire-booter-2.17.jar:2.17]
Caused by: org.springframework.beans.factory.BeanCreationException: Error creating bean with name 'transactionLogJmsProducer': Injection of autowired dependencies failed; nested exception is org.springframework.beans.factory.BeanCreationException: Could not autowire field: private org.springframework.messaging.MessageChannel prv.mark.project.stockticker.jms.TransactionLogJmsProducer.stocksChannel; nested exception is org.springframework.beans.factory.NoSuchBeanDefinitionException: No qualifying bean of type [org.springframework.messaging.MessageChannel] found for dependency: expected at least 1 bean which qualifies as autowire candidate for this dependency. Dependency annotations: {@org.springframework.beans.factory.annotation.Autowired(required=true), @org.springframework.beans.factory.annotation.Qualifier(value=stocksChannel)}
	at org.springframework.beans.factory.annotation.AutowiredAnnotationBeanPostProcessor.postProcessPropertyValues(AutowiredAnnotationBeanPostProcessor.java:334) ~[spring-beans-4.1.4.RELEASE.jar:4.1.4.RELEASE]
	at org.springframework.beans.factory.support.AbstractAutowireCapableBeanFactory.populateBean(AbstractAutowireCapableBeanFactory.java:1202) ~[spring-beans-4.1.4.RELEASE.jar:4.1.4.RELEASE]
	at org.springframework.beans.factory.support.AbstractAutowireCapableBeanFactory.doCreateBean(AbstractAutowireCapableBeanFactory.java:537) ~[spring-beans-4.1.4.RELEASE.jar:4.1.4.RELEASE]
	at org.springframework.beans.factory.support.AbstractAutowireCapableBeanFactory.createBean(AbstractAutowireCapableBeanFactory.java:476) ~[spring-beans-4.1.4.RELEASE.jar:4.1.4.RELEASE]
	at org.springframework.beans.factory.support.AbstractBeanFactory$1.getObject(AbstractBeanFactory.java:303) ~[spring-beans-4.1.4.RELEASE.jar:4.1.4.RELEASE]
	at org.springframework.beans.factory.support.DefaultSingletonBeanRegistry.getSingleton(DefaultSingletonBeanRegistry.java:230) ~[spring-beans-4.1.4.RELEASE.jar:4.1.4.RELEASE]
	at org.springframework.beans.factory.support.AbstractBeanFactory.doGetBean(AbstractBeanFactory.java:299) ~[spring-beans-4.1.4.RELEASE.jar:4.1.4.RELEASE]
	at org.springframework.beans.factory.support.AbstractBeanFactory.getBean(AbstractBeanFactory.java:194) ~[spring-beans-4.1.4.RELEASE.jar:4.1.4.RELEASE]
	at org.springframework.beans.factory.support.DefaultListableBeanFactory.preInstantiateSingletons(DefaultListableBeanFactory.java:762) ~[spring-beans-4.1.4.RELEASE.jar:4.1.4.RELEASE]
	at org.springframework.context.support.AbstractApplicationContext.finishBeanFactoryInitialization(AbstractApplicationContext.java:757) ~[spring-context-4.1.4.RELEASE.jar:4.1.4.RELEASE]
	at org.springframework.context.support.AbstractApplicationContext.refresh(AbstractApplicationContext.java:480) ~[spring-context-4.1.4.RELEASE.jar:4.1.4.RELEASE]
	at org.springframework.test.context.support.AbstractGenericContextLoader.loadContext(AbstractGenericContextLoader.java:125) ~[spring-test-4.1.4.RELEASE.jar:4.1.4.RELEASE]
	at org.springframework.test.context.support.AbstractGenericContextLoader.loadContext(AbstractGenericContextLoader.java:60) ~[spring-test-4.1.4.RELEASE.jar:4.1.4.RELEASE]
	at org.springframework.test.context.support.AbstractDelegatingSmartContextLoader.delegateLoading(AbstractDelegatingSmartContextLoader.java:109) ~[spring-test-4.1.4.RELEASE.jar:4.1.4.RELEASE]
	at org.springframework.test.context.support.AbstractDelegatingSmartContextLoader.loadContext(AbstractDelegatingSmartContextLoader.java:261) ~[spring-test-4.1.4.RELEASE.jar:4.1.4.RELEASE]
	at org.springframework.test.context.DefaultCacheAwareContextLoaderDelegate.loadContextInternal(DefaultCacheAwareContextLoaderDelegate.java:68) ~[spring-test-4.1.4.RELEASE.jar:4.1.4.RELEASE]
	at org.springframework.test.context.DefaultCacheAwareContextLoaderDelegate.loadContext(DefaultCacheAwareContextLoaderDelegate.java:86) ~[spring-test-4.1.4.RELEASE.jar:4.1.4.RELEASE]
	... 27 common frames omitted
Caused by: org.springframework.beans.factory.BeanCreationException: Could not autowire field: private org.springframework.messaging.MessageChannel prv.mark.project.stockticker.jms.TransactionLogJmsProducer.stocksChannel; nested exception is org.springframework.beans.factory.NoSuchBeanDefinitionException: No qualifying bean of type [org.springframework.messaging.MessageChannel] found for dependency: expected at least 1 bean which qualifies as autowire candidate for this dependency. Dependency annotations: {@org.springframework.beans.factory.annotation.Autowired(required=true), @org.springframework.beans.factory.annotation.Qualifier(value=stocksChannel)}
	at org.springframework.beans.factory.annotation.AutowiredAnnotationBeanPostProcessor$AutowiredFieldElement.inject(AutowiredAnnotationBeanPostProcessor.java:561) ~[spring-beans-4.1.4.RELEASE.jar:4.1.4.RELEASE]
	at org.springframework.beans.factory.annotation.InjectionMetadata.inject(InjectionMetadata.java:88) ~[spring-beans-4.1.4.RELEASE.jar:4.1.4.RELEASE]
	at org.springframework.beans.factory.annotation.AutowiredAnnotationBeanPostProcessor.postProcessPropertyValues(AutowiredAnnotationBeanPostProcessor.java:331) ~[spring-beans-4.1.4.RELEASE.jar:4.1.4.RELEASE]
	... 43 common frames omitted
Caused by: org.springframework.beans.factory.NoSuchBeanDefinitionException: No qualifying bean of type [org.springframework.messaging.MessageChannel] found for dependency: expected at least 1 bean which qualifies as autowire candidate for this dependency. Dependency annotations: {@org.springframework.beans.factory.annotation.Autowired(required=true), @org.springframework.beans.factory.annotation.Qualifier(value=stocksChannel)}
	at org.springframework.beans.factory.support.DefaultListableBeanFactory.raiseNoSuchBeanDefinitionException(DefaultListableBeanFactory.java:1308) ~[spring-beans-4.1.4.RELEASE.jar:4.1.4.RELEASE]
	at org.springframework.beans.factory.support.DefaultListableBeanFactory.doResolveDependency(DefaultListableBeanFactory.java:1054) ~[spring-beans-4.1.4.RELEASE.jar:4.1.4.RELEASE]
	at org.springframework.beans.factory.support.DefaultListableBeanFactory.resolveDependency(DefaultListableBeanFactory.java:949) ~[spring-beans-4.1.4.RELEASE.jar:4.1.4.RELEASE]
	at org.springframework.beans.factory.annotation.AutowiredAnnotationBeanPostProcessor$AutowiredFieldElement.inject(AutowiredAnnotationBeanPostProcessor.java:533) ~[spring-beans-4.1.4.RELEASE.jar:4.1.4.RELEASE]
	... 45 common frames omitted
]]></system-out>
  </testcase>
</testsuite>